#
# There is insufficient memory for the Java Runtime Environment to continue.
# Native memory allocation (malloc) failed to allocate 12288 bytes for committing reserved memory.
# Possible reasons:
#   The system is out of physical RAM or swap space
#   In 32 bit mode, the process size limit was hit
# Possible solutions:
#   Reduce memory load on the system
#   Increase physical memory or swap space
#   Check if swap backing store is full
#   Use 64 bit Java on a 64 bit OS
#   Decrease Java heap size (-Xmx/-Xms)
#   Decrease number of Java threads
#   Decrease Java thread stack sizes (-Xss)
#   Set larger code cache with -XX:ReservedCodeCacheSize=
# This output file may be truncated or incomplete.
#
#  Out of Memory Error (os_linux.cpp:2769), pid=894, tid=139856806651648
#
# JRE version: OpenJDK Runtime Environment (7.0_51-b31) (build 1.7.0_51-b31)
# Java VM: OpenJDK 64-Bit Server VM (24.51-b03 mixed mode linux-amd64 compressed oops)
# Failed to write core dump. Core dumps have been disabled. To enable core dumping, try "ulimit -c unlimited" before starting Java again
#

---------------  T H R E A D  ---------------

Current thread (0x00007f32e0001000):  JavaThread "AWT-Shutdown" [_thread_new, id=1736, stack(0x00007f32f337a000,0x00007f32f347b000)]

Stack: [0x00007f32f337a000,0x00007f32f347b000],  sp=0x00007f32f3479c20,  free space=1023k
Native frames: (J=compiled Java code, j=interpreted, Vv=VM code, C=native code)
V  [libjvm.so+0x9175c5]  JVM_handle_linux_signal+0x1778b5
V  [libjvm.so+0x467da4]  dlerror+0x467da4
V  [libjvm.so+0x799cab]  JVM_FindSignal+0x18c32b
V  [libjvm.so+0x794b0f]  JVM_FindSignal+0x18718f
V  [libjvm.so+0x79ae80]  fork1+0x650
V  [libjvm.so+0x8cf226]  JVM_handle_linux_signal+0x12f516
V  [libjvm.so+0x796f22]  JVM_FindSignal+0x1895a2


---------------  P R O C E S S  ---------------

Java Threads: ( => current thread )
=>0x00007f32e0001000 JavaThread "AWT-Shutdown" [_thread_new, id=1736, stack(0x00007f32f337a000,0x00007f32f347b000)]
  0x00007f334000a000 JavaThread "DestroyJavaVM" [_thread_blocked, id=899, stack(0x00007f334929f000,0x00007f33493a0000)]
  0x00007f3340557800 JavaThread "TimerQueue" daemon [_thread_blocked, id=917, stack(0x00007f32f357c000,0x00007f32f367d000)]
  0x00007f3340213800 JavaThread "AWT-EventQueue-0" [_thread_blocked, id=915, stack(0x00007f3304006000,0x00007f3304107000)]
  0x00007f33401e9800 JavaThread "AWT-Shutdown" [_thread_blocked, id=914, stack(0x00007f332c0e6000,0x00007f332c1e7000)]
  0x00007f33401c7800 JavaThread "AWT-XAWT" daemon [_thread_in_native, id=913, stack(0x00007f3334086000,0x00007f3334187000)]
  0x00007f33401a3000 JavaThread "Java2D Disposer" daemon [_thread_blocked, id=912, stack(0x00007f333c050000,0x00007f333c151000)]
  0x00007f33400a5800 JavaThread "Service Thread" daemon [_thread_blocked, id=910, stack(0x00007f333ceff000,0x00007f333d000000)]
  0x00007f33400a3800 JavaThread "C2 CompilerThread1" daemon [_thread_blocked, id=909, stack(0x00007f3344013000,0x00007f3344114000)]
  0x00007f33400a0800 JavaThread "C2 CompilerThread0" daemon [_thread_blocked, id=908, stack(0x00007f3344114000,0x00007f3344215000)]
  0x00007f334009e800 JavaThread "Signal Dispatcher" daemon [_thread_blocked, id=907, stack(0x00007f3344215000,0x00007f3344316000)]
  0x00007f334007b800 JavaThread "Finalizer" daemon [_thread_blocked, id=906, stack(0x00007f334460e000,0x00007f334470f000)]
  0x00007f3340079800 JavaThread "Reference Handler" daemon [_thread_blocked, id=905, stack(0x00007f334470f000,0x00007f3344810000)]

Other Threads:
  0x00007f3340075000 VMThread [stack: 0x00007f3344810000,0x00007f3344911000] [id=904]
  0x00007f33400b8800 WatcherThread [stack: 0x00007f333cdfe000,0x00007f333ceff000] [id=911]

VM state:not at safepoint (normal execution)

VM Mutex/Monitor currently owned by a thread: None

Heap
 PSYoungGen      total 20480K, used 14239K [0x00000000ec680000, 0x00000000edf80000, 0x0000000100000000)
  eden space 15360K, 91% used [0x00000000ec680000,0x00000000ed43bf10,0x00000000ed580000)
  from space 5120K, 3% used [0x00000000ed580000,0x00000000ed5ac010,0x00000000eda80000)
  to   space 5120K, 0% used [0x00000000eda80000,0x00000000eda80000,0x00000000edf80000)
 ParOldGen       total 39936K, used 6710K [0x00000000c5400000, 0x00000000c7b00000, 0x00000000ec680000)
  object space 39936K, 16% used [0x00000000c5400000,0x00000000c5a8da40,0x00000000c7b00000)
 PSPermGen       total 22528K, used 22102K [0x00000000bae00000, 0x00000000bc400000, 0x00000000c5400000)
  object space 22528K, 98% used [0x00000000bae00000,0x00000000bc395900,0x00000000bc400000)

Card table byte_map: [0x00007f334636e000,0x00007f3346598000] byte_map_base: 0x00007f3345d97000

Polling page: 0x00007f33493d4000

Code Cache  [0x00007f333d000000, 0x00007f333d270000, 0x00007f3340000000)
 total_blobs=973 nmethods=429 adapters=498 free_code_cache=47670Kb largest_free_block=48760448

Compilation events (10 events):
Event: 292.334 Thread 0x00007f33400a0800  439             com.google.gson.reflect.TypeToken::get (9 bytes)
Event: 292.334 Thread 0x00007f33400a3800  440             com.google.gson.reflect.TypeToken::<init> (41 bytes)
Event: 292.342 Thread 0x00007f33400a0800 nmethod 439 0x00007f333d16fbd0 code [0x00007f333d16fda0, 0x00007f333d170338]
Event: 292.342 Thread 0x00007f33400a0800  441             java.util.HashMap$Entry::recordRemoval (1 bytes)
Event: 292.343 Thread 0x00007f33400a0800 nmethod 441 0x00007f333d12d390 code [0x00007f333d12d4c0, 0x00007f333d12d518]
Event: 292.344 Thread 0x00007f33400a3800 nmethod 440 0x00007f333d16ee10 code [0x00007f333d16efe0, 0x00007f333d16f538]
Event: 305.311 Thread 0x00007f33400a0800  442             java.util.Calendar::isLenient (5 bytes)
Event: 305.312 Thread 0x00007f33400a0800 nmethod 442 0x00007f333d172650 code [0x00007f333d172780, 0x00007f333d1727d8]
Event: 309.359 Thread 0x00007f33400a3800  443             java.util.GregorianCalendar::computeFields (1579 bytes)
Event: 309.437 Thread 0x00007f33400a3800 nmethod 443 0x00007f333d17a590 code [0x00007f333d17a9c0, 0x00007f333d17ced0]

GC Heap History (10 events):
Event: 227.278 GC heap before
{Heap before GC invocations=13 (full 0):
 PSYoungGen      total 20992K, used 15524K [0x00000000ec680000, 0x00000000ee080000, 0x0000000100000000)
  eden space 15360K, 100% used [0x00000000ec680000,0x00000000ed580000,0x00000000ed580000)
  from space 5632K, 2% used [0x00000000edb00000,0x00000000edb29220,0x00000000ee080000)
  to   space 5632K, 0% used [0x00000000ed580000,0x00000000ed580000,0x00000000edb00000)
 ParOldGen       total 39936K, used 6670K [0x00000000c5400000, 0x00000000c7b00000, 0x00000000ec680000)
  object space 39936K, 16% used [0x00000000c5400000,0x00000000c5a83a40,0x00000000c7b00000)
 PSPermGen       total 22528K, used 22075K [0x00000000bae00000, 0x00000000bc400000, 0x00000000c5400000)
  object space 22528K, 97% used [0x00000000bae00000,0x00000000bc38ef08,0x00000000bc400000)
Event: 227.280 GC heap after
Heap after GC invocations=13 (full 0):
 PSYoungGen      total 20992K, used 164K [0x00000000ec680000, 0x00000000ee080000, 0x0000000100000000)
  eden space 15360K, 0% used [0x00000000ec680000,0x00000000ec680000,0x00000000ed580000)
  from space 5632K, 2% used [0x00000000ed580000,0x00000000ed5a9220,0x00000000edb00000)
  to   space 5632K, 0% used [0x00000000edb00000,0x00000000edb00000,0x00000000ee080000)
 ParOldGen       total 39936K, used 6678K [0x00000000c5400000, 0x00000000c7b00000, 0x00000000ec680000)
  object space 39936K, 16% used [0x00000000c5400000,0x00000000c5a85a40,0x00000000c7b00000)
 PSPermGen       total 22528K, used 22075K [0x00000000bae00000, 0x00000000bc400000, 0x00000000c5400000)
  object space 22528K, 97% used [0x00000000bae00000,0x00000000bc38ef08,0x00000000bc400000)
}
Event: 248.303 GC heap before
{Heap before GC invocations=14 (full 0):
 PSYoungGen      total 20992K, used 15524K [0x00000000ec680000, 0x00000000ee080000, 0x0000000100000000)
  eden space 15360K, 100% used [0x00000000ec680000,0x00000000ed580000,0x00000000ed580000)
  from space 5632K, 2% used [0x00000000ed580000,0x00000000ed5a9220,0x00000000edb00000)
  to   space 5632K, 0% used [0x00000000edb00000,0x00000000edb00000,0x00000000ee080000)
 ParOldGen       total 39936K, used 6678K [0x00000000c5400000, 0x00000000c7b00000, 0x00000000ec680000)
  object space 39936K, 16% used [0x00000000c5400000,0x00000000c5a85a40,0x00000000c7b00000)
 PSPermGen       total 22528K, used 22078K [0x00000000bae00000, 0x00000000bc400000, 0x00000000c5400000)
  object space 22528K, 98% used [0x00000000bae00000,0x00000000bc38fba8,0x00000000bc400000)
Event: 248.308 GC heap after
Heap after GC invocations=14 (full 0):
 PSYoungGen      total 20992K, used 164K [0x00000000ec680000, 0x00000000ee080000, 0x0000000100000000)
  eden space 15360K, 0% used [0x00000000ec680000,0x00000000ec680000,0x00000000ed580000)
  from space 5632K, 2% used [0x00000000edb00000,0x00000000edb29220,0x00000000ee080000)
  to   space 5632K, 0% used [0x00000000ed580000,0x00000000ed580000,0x00000000edb00000)
 ParOldGen       total 39936K, used 6686K [0x00000000c5400000, 0x00000000c7b00000, 0x00000000ec680000)
  object space 39936K, 16% used [0x00000000c5400000,0x00000000c5a87a40,0x00000000c7b00000)
 PSPermGen       total 22528K, used 22078K [0x00000000bae00000, 0x00000000bc400000, 0x00000000c5400000)
  object space 22528K, 98% used [0x00000000bae00000,0x00000000bc38fba8,0x00000000bc400000)
}
Event: 269.330 GC heap before
{Heap before GC invocations=15 (full 0):
 PSYoungGen      total 20992K, used 15524K [0x00000000ec680000, 0x00000000ee080000, 0x0000000100000000)
  eden space 15360K, 100% used [0x00000000ec680000,0x00000000ed580000,0x00000000ed580000)
  from space 5632K, 2% used [0x00000000edb00000,0x00000000edb29220,0x00000000ee080000)
  to   space 5632K, 0% used [0x00000000ed580000,0x00000000ed580000,0x00000000edb00000)
 ParOldGen       total 39936K, used 6686K [0x00000000c5400000, 0x00000000c7b00000, 0x00000000ec680000)
  object space 39936K, 16% used [0x00000000c5400000,0x00000000c5a87a40,0x00000000c7b00000)
 PSPermGen       total 22528K, used 22086K [0x00000000bae00000, 0x00000000bc400000, 0x00000000c5400000)
  object space 22528K, 98% used [0x00000000bae00000,0x00000000bc391a00,0x00000000bc400000)
Event: 269.333 GC heap after
Heap after GC invocations=15 (full 0):
 PSYoungGen      total 15872K, used 144K [0x00000000ec680000, 0x00000000edf80000, 0x0000000100000000)
  eden space 15360K, 0% used [0x00000000ec680000,0x00000000ec680000,0x00000000ed580000)
  from space 512K, 28% used [0x00000000ed580000,0x00000000ed5a4010,0x00000000ed600000)
  to   space 5120K, 0% used [0x00000000eda80000,0x00000000eda80000,0x00000000edf80000)
 ParOldGen       total 39936K, used 6694K [0x00000000c5400000, 0x00000000c7b00000, 0x00000000ec680000)
  object space 39936K, 16% used [0x00000000c5400000,0x00000000c5a89a40,0x00000000c7b00000)
 PSPermGen       total 22528K, used 22086K [0x00000000bae00000, 0x00000000bc400000, 0x00000000c5400000)
  object space 22528K, 98% used [0x00000000bae00000,0x00000000bc391a00,0x00000000bc400000)
}
Event: 290.316 GC heap before
{Heap before GC invocations=16 (full 0):
 PSYoungGen      total 15872K, used 15504K [0x00000000ec680000, 0x00000000edf80000, 0x0000000100000000)
  eden space 15360K, 100% used [0x00000000ec680000,0x00000000ed580000,0x00000000ed580000)
  from space 512K, 28% used [0x00000000ed580000,0x00000000ed5a4010,0x00000000ed600000)
  to   space 5120K, 0% used [0x00000000eda80000,0x00000000eda80000,0x00000000edf80000)
 ParOldGen       total 39936K, used 6694K [0x00000000c5400000, 0x00000000c7b00000, 0x00000000ec680000)
  object space 39936K, 16% used [0x00000000c5400000,0x00000000c5a89a40,0x00000000c7b00000)
 PSPermGen       total 22528K, used 22092K [0x00000000bae00000, 0x00000000bc400000, 0x00000000c5400000)
  object space 22528K, 98% used [0x00000000bae00000,0x00000000bc393250,0x00000000bc400000)
Event: 290.317 GC heap after
Heap after GC invocations=16 (full 0):
 PSYoungGen      total 20480K, used 176K [0x00000000ec680000, 0x00000000edf80000, 0x0000000100000000)
  eden space 15360K, 0% used [0x00000000ec680000,0x00000000ec680000,0x00000000ed580000)
  from space 5120K, 3% used [0x00000000eda80000,0x00000000edaac010,0x00000000edf80000)
  to   space 5120K, 0% used [0x00000000ed580000,0x00000000ed580000,0x00000000eda80000)
 ParOldGen       total 39936K, used 6702K [0x00000000c5400000, 0x00000000c7b00000, 0x00000000ec680000)
  object space 39936K, 16% used [0x00000000c5400000,0x00000000c5a8ba40,0x00000000c7b00000)
 PSPermGen       total 22528K, used 22092K [0x00000000bae00000, 0x00000000bc400000, 0x00000000c5400000)
  object space 22528K, 98% used [0x00000000bae00000,0x00000000bc393250,0x00000000bc400000)
}
Event: 311.327 GC heap before
{Heap before GC invocations=17 (full 0):
 PSYoungGen      total 20480K, used 15536K [0x00000000ec680000, 0x00000000edf80000, 0x0000000100000000)
  eden space 15360K, 100% used [0x00000000ec680000,0x00000000ed580000,0x00000000ed580000)
  from space 5120K, 3% used [0x00000000eda80000,0x00000000edaac010,0x00000000edf80000)
  to   space 5120K, 0% used [0x00000000ed580000,0x00000000ed580000,0x00000000eda80000)
 ParOldGen       total 39936K, used 6702K [0x00000000c5400000, 0x00000000c7b00000, 0x00000000ec680000)
  object space 39936K, 16% used [0x00000000c5400000,0x00000000c5a8ba40,0x00000000c7b00000)
 PSPermGen       total 22528K, used 22098K [0x00000000bae00000, 0x00000000bc400000, 0x00000000c5400000)
  object space 22528K, 98% used [0x00000000bae00000,0x00000000bc394998,0x00000000bc400000)
Event: 311.329 GC heap after
Heap after GC invocations=17 (full 0):
 PSYoungGen      total 20480K, used 176K [0x00000000ec680000, 0x00000000edf80000, 0x0000000100000000)
  eden space 15360K, 0% used [0x00000000ec680000,0x00000000ec680000,0x00000000ed580000)
  from space 5120K, 3% used [0x00000000ed580000,0x00000000ed5ac010,0x00000000eda80000)
  to   space 5120K, 0% used [0x00000000eda80000,0x00000000eda80000,0x00000000edf80000)
 ParOldGen       total 39936K, used 6710K [0x00000000c5400000, 0x00000000c7b00000, 0x00000000ec680000)
  object space 39936K, 16% used [0x00000000c5400000,0x00000000c5a8da40,0x00000000c7b00000)
 PSPermGen       total 22528K, used 22098K [0x00000000bae00000, 0x00000000bc400000, 0x00000000c5400000)
  object space 22528K, 98% used [0x00000000bae00000,0x00000000bc394998,0x00000000bc400000)
}

Deoptimization events (10 events):
Event: 1.173 Thread 0x00007f3340213800 Uncommon trap: reason=unreached action=reinterpret pc=0x00007f333d0952c0 method=java.lang.AbstractStringBuilder.append(Ljava/lang/String;)Ljava/lang/AbstractStringBuilder; @ 1
Event: 1.174 Thread 0x00007f3340213800 Uncommon trap: reason=unreached action=reinterpret pc=0x00007f333d0910fc method=java.lang.AbstractStringBuilder.append(Ljava/lang/String;)Ljava/lang/AbstractStringBuilder; @ 1
Event: 6.208 Thread 0x00007f32e4008000 Uncommon trap: reason=unreached action=reinterpret pc=0x00007f333d0987f4 method=java.util.HashMap.getEntry(Ljava/lang/Object;)Ljava/util/HashMap$Entry; @ 10
Event: 24.383 Thread 0x00007f32ec082800 Uncommon trap: reason=unreached action=reinterpret pc=0x00007f333d0f3234 method=java.lang.reflect.Field.getFieldAccessor(Ljava/lang/Object;)Lsun/reflect/FieldAccessor; @ 22
Event: 24.383 Thread 0x00007f32ec082800 Uncommon trap: reason=unreached action=reinterpret pc=0x00007f333d0ed39c method=java.lang.reflect.Field.getFieldAccessor(Ljava/lang/Object;)Lsun/reflect/FieldAccessor; @ 22
Event: 29.836 Thread 0x00007f3340213800 Uncommon trap: reason=null_check action=make_not_entrant pc=0x00007f333d10c260 method=javax.swing.RepaintManager.extendDirtyRegion(Ljava/awt/Component;IIII)Z @ 10
Event: 37.357 Thread 0x00007f3340213800 Uncommon trap: reason=null_assert action=make_not_entrant pc=0x00007f333d1133d0 method=java.awt.Toolkit$SelectiveAWTEventListener.eventDispatched(Ljava/awt/AWTEvent;)V @ 679
Event: 42.808 Thread 0x00007f3340213800 Uncommon trap: reason=unreached action=reinterpret pc=0x00007f333d0f5760 method=javax.swing.LayoutComparator.compare(Ljava/awt/Component;Ljava/awt/Component;)I @ 2
Event: 60.264 Thread 0x00007f32ec082000 Uncommon trap: reason=null_check action=make_not_entrant pc=0x00007f333d12dc58 method=java.text.SimpleDateFormat.checkNegativeNumberExpression()V @ 40
Event: 67.261 Thread 0x00007f32ec082000 Uncommon trap: reason=null_check action=make_not_entrant pc=0x00007f333d13be48 method=com.google.gson.internal.Excluder.isAnonymousOrLocal(Ljava/lang/Class;)Z @ 4

Internal exceptions (10 events):
Event: 24.507 Thread 0x00007f32ec082000 Threw 0x00000000ec8c0890 at /build/java7-openjdk/src/icedtea-2.4.6/openjdk/hotspot/src/share/vm/prims/jvm.cpp:1244
Event: 24.507 Thread 0x00007f32ec082000 Threw 0x00000000ec8c7d80 at /build/java7-openjdk/src/icedtea-2.4.6/openjdk/hotspot/src/share/vm/prims/jvm.cpp:1244
Event: 29.836 Thread 0x00007f3340213800 Implicit null exception at 0x00007f333d10bf68 to 0x00007f333d10c254
Event: 42.790 Thread 0x00007f3340213800 Threw 0x00000000ec8e24a0 at /build/java7-openjdk/src/icedtea-2.4.6/openjdk/hotspot/src/share/vm/prims/jvm.cpp:1244
Event: 42.791 Thread 0x00007f3340213800 Threw 0x00000000ec8e7aa8 at /build/java7-openjdk/src/icedtea-2.4.6/openjdk/hotspot/src/share/vm/prims/jvm.cpp:1244
Event: 42.793 Thread 0x00007f3340213800 Threw 0x00000000ec8ed638 at /build/java7-openjdk/src/icedtea-2.4.6/openjdk/hotspot/src/share/vm/prims/jvm.cpp:1244
Event: 42.794 Thread 0x00007f3340213800 Threw 0x00000000ec8f23a0 at /build/java7-openjdk/src/icedtea-2.4.6/openjdk/hotspot/src/share/vm/prims/jvm.cpp:1244
Event: 42.803 Thread 0x00007f3340213800 Threw 0x00000000ec9a6000 at /build/java7-openjdk/src/icedtea-2.4.6/openjdk/hotspot/src/share/vm/prims/jvm.cpp:1244
Event: 60.263 Thread 0x00007f32ec082000 Implicit null exception at 0x00007f333d12d103 to 0x00007f333d12dc4d
Event: 67.261 Thread 0x00007f32ec082000 Implicit null exception at 0x00007f333d139e22 to 0x00007f333d13be39

Events (10 events):
Event: 325.318 Thread 0x00007f32ec082000 Thread exited: 0x00007f32ec082000
Event: 326.193 Thread 0x00007f32ec082000 Thread added: 0x00007f32ec082000
Event: 326.306 Thread 0x00007f32ec082000 Thread exited: 0x00007f32ec082000
Event: 327.193 Thread 0x00007f32ec082000 Thread added: 0x00007f32ec082000
Event: 327.331 Thread 0x00007f32ec082000 Thread exited: 0x00007f32ec082000
Event: 328.193 Thread 0x00007f32ec082000 Thread added: 0x00007f32ec082000
Event: 328.314 Thread 0x00007f32ec082000 Thread exited: 0x00007f32ec082000
Event: 329.194 Thread 0x00007f32ec082000 Thread added: 0x00007f32ec082000
Event: 329.313 Thread 0x00007f32ec082000 Thread exited: 0x00007f32ec082000
Event: 340.157 Thread 0x00007f32e0001000 Thread added: 0x00007f32e0001000


Dynamic libraries:
00400000-00401000 r-xp 00000000 08:04 7345375                            /usr/lib/jvm/java-7-openjdk/jre/bin/java
00600000-00601000 rw-p 00000000 08:04 7345375                            /usr/lib/jvm/java-7-openjdk/jre/bin/java
0200e000-0202f000 rw-p 00000000 00:00 0                                  [heap]
bae00000-bc400000 rw-p 00000000 00:00 0 
bc400000-c5400000 rw-p 00000000 00:00 0 
c5400000-c7b00000 rw-p 00000000 00:00 0 
c7b00000-ec680000 rw-p 00000000 00:00 0 
ec680000-edf80000 rw-p 00000000 00:00 0 
edf80000-ee980000 ---p 00000000 00:00 0 
ee980000-100000000 rw-p 00000000 00:00 0 
7f32d8000000-7f32d80f8000 rw-p 00000000 00:00 0 
7f32d80f8000-7f32dc000000 ---p 00000000 00:00 0 
7f32e0000000-7f32e0021000 rw-p 00000000 00:00 0 
7f32e0021000-7f32e4000000 ---p 00000000 00:00 0 
7f32e4000000-7f32e4021000 rw-p 00000000 00:00 0 
7f32e4021000-7f32e8000000 ---p 00000000 00:00 0 
7f32e8000000-7f32e8038000 rw-p 00000000 00:00 0 
7f32e8038000-7f32ec000000 ---p 00000000 00:00 0 
7f32ec000000-7f32ec0a1000 rw-p 00000000 00:00 0 
7f32ec0a1000-7f32f0000000 ---p 00000000 00:00 0 
7f32f337d000-7f32f347b000 rw-p 00000000 00:00 0                          [stack:1736]
7f32f347b000-7f32f347e000 ---p 00000000 00:00 0 
7f32f347e000-7f32f357c000 rw-p 00000000 00:00 0 
7f32f357c000-7f32f357f000 ---p 00000000 00:00 0 
7f32f357f000-7f32f367d000 rw-p 00000000 00:00 0                          [stack:917]
7f32f367d000-7f32f3680000 ---p 00000000 00:00 0 
7f32f3680000-7f32f377e000 rw-p 00000000 00:00 0 
7f32f377e000-7f32f378e000 r-xp 00000000 08:04 7345433                    /usr/lib/jvm/java-7-openjdk/jre/lib/amd64/libnio.so
7f32f378e000-7f32f398e000 ---p 00010000 08:04 7345433                    /usr/lib/jvm/java-7-openjdk/jre/lib/amd64/libnio.so
7f32f398e000-7f32f398f000 rw-p 00010000 08:04 7345433                    /usr/lib/jvm/java-7-openjdk/jre/lib/amd64/libnio.so
7f32f398f000-7f32f3994000 r-xp 00000000 08:04 6819121                    /usr/lib/libnss_dns-2.19.so
7f32f3994000-7f32f3b93000 ---p 00005000 08:04 6819121                    /usr/lib/libnss_dns-2.19.so
7f32f3b93000-7f32f3b94000 r--p 00004000 08:04 6819121                    /usr/lib/libnss_dns-2.19.so
7f32f3b94000-7f32f3b95000 rw-p 00005000 08:04 6819121                    /usr/lib/libnss_dns-2.19.so
7f32f3b95000-7f32f3bab000 r-xp 00000000 08:04 7347216                    /usr/lib/jvm/java-7-openjdk/jre/lib/amd64/libnet.so
7f32f3bab000-7f32f3dab000 ---p 00016000 08:04 7347216                    /usr/lib/jvm/java-7-openjdk/jre/lib/amd64/libnet.so
7f32f3dab000-7f32f3dac000 rw-p 00016000 08:04 7347216                    /usr/lib/jvm/java-7-openjdk/jre/lib/amd64/libnet.so
7f32f3dac000-7f32f3dfd000 r-xp 00000000 08:04 7345441                    /usr/lib/jvm/java-7-openjdk/jre/lib/amd64/libfontmanager.so
7f32f3dfd000-7f32f3ffc000 ---p 00051000 08:04 7345441                    /usr/lib/jvm/java-7-openjdk/jre/lib/amd64/libfontmanager.so
7f32f3ffc000-7f32f3fff000 rw-p 00050000 08:04 7345441                    /usr/lib/jvm/java-7-openjdk/jre/lib/amd64/libfontmanager.so
7f32f3fff000-7f32f4000000 rw-p 00000000 00:00 0 
7f32f4000000-7f32f4021000 rw-p 00000000 00:00 0 
7f32f4021000-7f32f8000000 ---p 00000000 00:00 0 
7f32f8000000-7f32f8021000 rw-p 00000000 00:00 0 
7f32f8021000-7f32fc000000 ---p 00000000 00:00 0 
7f32fc000000-7f32fc021000 rw-p 00000000 00:00 0 
7f32fc021000-7f3300000000 ---p 00000000 00:00 0 
7f3300000000-7f3300021000 rw-p 00000000 00:00 0 
7f3300021000-7f3304000000 ---p 00000000 00:00 0 
7f3304006000-7f3304009000 ---p 00000000 00:00 0 
7f3304009000-7f3304107000 rw-p 00000000 00:00 0                          [stack:915]
7f3304107000-7f330410a000 r-xp 00000000 08:04 6855448                    /usr/lib/libkeyutils.so.1.5
7f330410a000-7f3304309000 ---p 00003000 08:04 6855448                    /usr/lib/libkeyutils.so.1.5
7f3304309000-7f330430a000 r--p 00002000 08:04 6855448                    /usr/lib/libkeyutils.so.1.5
7f330430a000-7f330430b000 rw-p 00003000 08:04 6855448                    /usr/lib/libkeyutils.so.1.5
7f330430b000-7f3304317000 r-xp 00000000 08:04 6838758                    /usr/lib/libkrb5support.so.0.1
7f3304317000-7f3304516000 ---p 0000c000 08:04 6838758                    /usr/lib/libkrb5support.so.0.1
7f3304516000-7f3304517000 r--p 0000b000 08:04 6838758                    /usr/lib/libkrb5support.so.0.1
7f3304517000-7f3304518000 rw-p 0000c000 08:04 6838758                    /usr/lib/libkrb5support.so.0.1
7f3304518000-7f330451d000 r-xp 00000000 08:04 6836356                    /usr/lib/libXxf86vm.so.1.0.0
7f330451d000-7f330471c000 ---p 00005000 08:04 6836356                    /usr/lib/libXxf86vm.so.1.0.0
7f330471c000-7f330471d000 r--p 00004000 08:04 6836356                    /usr/lib/libXxf86vm.so.1.0.0
7f330471d000-7f330471e000 rw-p 00005000 08:04 6836356                    /usr/lib/libXxf86vm.so.1.0.0
7f330471e000-7f330471f000 r-xp 00000000 08:04 6855181                    /usr/lib/libxshmfence.so.1.0.0
7f330471f000-7f330491f000 ---p 00001000 08:04 6855181                    /usr/lib/libxshmfence.so.1.0.0
7f330491f000-7f3304920000 r--p 00001000 08:04 6855181                    /usr/lib/libxshmfence.so.1.0.0
7f3304920000-7f3304921000 rw-p 00002000 08:04 6855181                    /usr/lib/libxshmfence.so.1.0.0
7f3304921000-7f3304926000 r-xp 00000000 08:04 6854034                    /usr/lib/libxcb-sync.so.1.0.0
7f3304926000-7f3304b25000 ---p 00005000 08:04 6854034                    /usr/lib/libxcb-sync.so.1.0.0
7f3304b25000-7f3304b26000 r--p 00004000 08:04 6854034                    /usr/lib/libxcb-sync.so.1.0.0
7f3304b26000-7f3304b27000 rw-p 00005000 08:04 6854034                    /usr/lib/libxcb-sync.so.1.0.0
7f3304b27000-7f3304b29000 r-xp 00000000 08:04 6854021                    /usr/lib/libxcb-present.so.0.0.0
7f3304b29000-7f3304d28000 ---p 00002000 08:04 6854021                    /usr/lib/libxcb-present.so.0.0.0
7f3304d28000-7f3304d29000 r--p 00001000 08:04 6854021                    /usr/lib/libxcb-present.so.0.0.0
7f3304d29000-7f3304d2a000 rw-p 00002000 08:04 6854021                    /usr/lib/libxcb-present.so.0.0.0
7f3304d2a000-7f3304d2c000 r-xp 00000000 08:04 6853993                    /usr/lib/libxcb-dri3.so.0.0.0
7f3304d2c000-7f3304f2b000 ---p 00002000 08:04 6853993                    /usr/lib/libxcb-dri3.so.0.0.0
7f3304f2b000-7f3304f2c000 r--p 00001000 08:04 6853993                    /usr/lib/libxcb-dri3.so.0.0.0
7f3304f2c000-7f3304f2d000 rw-p 00002000 08:04 6853993                    /usr/lib/libxcb-dri3.so.0.0.0
7f3304f2d000-7f3304f42000 r-xp 00000000 08:04 6853992                    /usr/lib/libxcb-glx.so.0.0.0
7f3304f42000-7f3305142000 ---p 00015000 08:04 6853992                    /usr/lib/libxcb-glx.so.0.0.0
7f3305142000-7f3305144000 r--p 00015000 08:04 6853992                    /usr/lib/libxcb-glx.so.0.0.0
7f3305144000-7f3305145000 rw-p 00017000 08:04 6853992                    /usr/lib/libxcb-glx.so.0.0.0
7f3305145000-7f3305150000 r-xp 00000000 08:04 6832965                    /usr/lib/libdrm.so.2.4.0
7f3305150000-7f330534f000 ---p 0000b000 08:04 6832965                    /usr/lib/libdrm.so.2.4.0
7f330534f000-7f3305350000 r--p 0000a000 08:04 6832965                    /usr/lib/libdrm.so.2.4.0
7f3305350000-7f3305351000 rw-p 0000b000 08:04 6832965                    /usr/lib/libdrm.so.2.4.0
7f3305351000-7f3305374000 r-xp 00000000 08:04 6853231                    /usr/lib/libglapi.so.0.0.0
7f3305374000-7f3305573000 ---p 00023000 08:04 6853231                    /usr/lib/libglapi.so.0.0.0
7f3305573000-7f3305576000 r--p 00022000 08:04 6853231                    /usr/lib/libglapi.so.0.0.0
7f3305576000-7f3305577000 rw-p 00025000 08:04 6853231                    /usr/lib/libglapi.so.0.0.0
7f3305577000-7f3305578000 rw-p 00000000 00:00 0 
7f3305578000-7f3305587000 r-xp 00000000 08:04 6836852                    /usr/lib/libwayland-server.so.0.1.0
7f3305587000-7f3305786000 ---p 0000f000 08:04 6836852                    /usr/lib/libwayland-server.so.0.1.0
7f3305786000-7f3305788000 r--p 0000e000 08:04 6836852                    /usr/lib/libwayland-server.so.0.1.0
7f3305788000-7f3305789000 rw-p 00010000 08:04 6836852                    /usr/lib/libwayland-server.so.0.1.0
7f3305789000-7f3305795000 r-xp 00000000 08:04 6836853                    /usr/lib/libwayland-client.so.0.2.0
7f3305795000-7f3305994000 ---p 0000c000 08:04 6836853                    /usr/lib/libwayland-client.so.0.2.0
7f3305994000-7f3305996000 r--p 0000b000 08:04 6836853                    /usr/lib/libwayland-client.so.0.2.0
7f3305996000-7f3305997000 rw-p 0000d000 08:04 6836853                    /usr/lib/libwayland-client.so.0.2.0
7f3305997000-7f330599d000 r-xp 00000000 08:04 6853239                    /usr/lib/libgbm.so.1.0.0
7f330599d000-7f3305b9d000 ---p 00006000 08:04 6853239                    /usr/lib/libgbm.so.1.0.0
7f3305b9d000-7f3305b9e000 r--p 00006000 08:04 6853239                    /usr/lib/libgbm.so.1.0.0
7f3305b9e000-7f3305b9f000 rw-p 00007000 08:04 6853239                    /usr/lib/libgbm.so.1.0.0
7f3305b9f000-7f3305ba1000 r-xp 00000000 08:04 6854003                    /usr/lib/libxcb-shape.so.0.0.0
7f3305ba1000-7f3305da1000 ---p 00002000 08:04 6854003                    /usr/lib/libxcb-shape.so.0.0.0
7f3305da1000-7f3305da2000 r--p 00002000 08:04 6854003                    /usr/lib/libxcb-shape.so.0.0.0
7f3305da2000-7f3305da3000 rw-p 00003000 08:04 6854003                    /usr/lib/libxcb-shape.so.0.0.0
7f3305da3000-7f3305da9000 r-xp 00000000 08:04 6853985                    /usr/lib/libxcb-xfixes.so.0.0.0
7f3305da9000-7f3305fa8000 ---p 00006000 08:04 6853985                    /usr/lib/libxcb-xfixes.so.0.0.0
7f3305fa8000-7f3305fa9000 r--p 00005000 08:04 6853985                    /usr/lib/libxcb-xfixes.so.0.0.0
7f3305fa9000-7f3305faa000 rw-p 00006000 08:04 6853985                    /usr/lib/libxcb-xfixes.so.0.0.0
7f3305faa000-7f3305fad000 r-xp 00000000 08:04 6854018                    /usr/lib/libxcb-dri2.so.0.0.0
7f3305fad000-7f33061ad000 ---p 00003000 08:04 6854018                    /usr/lib/libxcb-dri2.so.0.0.0
7f33061ad000-7f33061ae000 r--p 00003000 08:04 6854018                    /usr/lib/libxcb-dri2.so.0.0.0
7f33061ae000-7f33061af000 rw-p 00004000 08:04 6854018                    /usr/lib/libxcb-dri2.so.0.0.0
7f33061af000-7f33061b0000 r-xp 00000000 08:04 6835172                    /usr/lib/libX11-xcb.so.1.0.0
7f33061b0000-7f33063af000 ---p 00001000 08:04 6835172                    /usr/lib/libX11-xcb.so.1.0.0
7f33063af000-7f33063b0000 r--p 00000000 08:04 6835172                    /usr/lib/libX11-xcb.so.1.0.0
7f33063b0000-7f33063b1000 rw-p 00001000 08:04 6835172                    /usr/lib/libX11-xcb.so.1.0.0
7f33063b1000-7f33063cd000 r-xp 00000000 08:04 6838928                    /usr/lib/libgraphite2.so.3.0.1
7f33063cd000-7f33065cc000 ---p 0001c000 08:04 6838928                    /usr/lib/libgraphite2.so.3.0.1
7f33065cc000-7f33065ce000 r--p 0001b000 08:04 6838928                    /usr/lib/libgraphite2.so.3.0.1
7f33065ce000-7f33065cf000 rw-p 0001d000 08:04 6838928                    /usr/lib/libgraphite2.so.3.0.1
7f33065cf000-7f33065d4000 r-xp 00000000 08:04 6832913                    /usr/lib/libXdmcp.so.6.0.0
7f33065d4000-7f33067d3000 ---p 00005000 08:04 6832913                    /usr/lib/libXdmcp.so.6.0.0
7f33067d3000-7f33067d4000 r--p 00004000 08:04 6832913                    /usr/lib/libXdmcp.so.6.0.0
7f33067d4000-7f33067d5000 rw-p 00005000 08:04 6832913                    /usr/lib/libXdmcp.so.6.0.0
7f33067d5000-7f33067d7000 r-xp 00000000 08:04 6832980                    /usr/lib/libXau.so.6.0.0
7f33067d7000-7f33069d7000 ---p 00002000 08:04 6832980                    /usr/lib/libXau.so.6.0.0
7f33069d7000-7f33069d8000 r--p 00002000 08:04 6832980                    /usr/lib/libXau.so.6.0.0
7f33069d8000-7f33069d9000 rw-p 00003000 08:04 6832980                    /usr/lib/libXau.so.6.0.0
7f33069d9000-7f33069e1000 r-xp 00000000 08:04 6819113                    /usr/lib/libcrypt-2.19.so
7f33069e1000-7f3306be0000 ---p 00008000 08:04 6819113                    /usr/lib/libcrypt-2.19.so
7f3306be0000-7f3306be1000 r--p 00007000 08:04 6819113                    /usr/lib/libcrypt-2.19.so
7f3306be1000-7f3306be2000 rw-p 00008000 08:04 6819113                    /usr/lib/libcrypt-2.19.so
7f3306be2000-7f3306c10000 rw-p 00000000 00:00 0 
7f3306c10000-7f3306c56000 r-xp 00000000 08:04 6825614                    /usr/lib/libdbus-1.so.3.8.3
7f3306c56000-7f3306e56000 ---p 00046000 08:04 6825614                    /usr/lib/libdbus-1.so.3.8.3
7f3306e56000-7f3306e57000 r--p 00046000 08:04 6825614                    /usr/lib/libdbus-1.so.3.8.3
7f3306e57000-7f3306e58000 rw-p 00047000 08:04 6825614                    /usr/lib/libdbus-1.so.3.8.3
7f3306e58000-7f3306e68000 r-xp 00000000 08:04 6838822                    /usr/lib/libavahi-client.so.3.2.9
7f3306e68000-7f3307067000 ---p 00010000 08:04 6838822                    /usr/lib/libavahi-client.so.3.2.9
7f3307067000-7f3307068000 r--p 0000f000 08:04 6838822                    /usr/lib/libavahi-client.so.3.2.9
7f3307068000-7f3307069000 rw-p 00010000 08:04 6838822                    /usr/lib/libavahi-client.so.3.2.9
7f3307069000-7f3307075000 r-xp 00000000 08:04 6838825                    /usr/lib/libavahi-common.so.3.5.3
7f3307075000-7f3307274000 ---p 0000c000 08:04 6838825                    /usr/lib/libavahi-common.so.3.5.3
7f3307274000-7f3307275000 r--p 0000b000 08:04 6838825                    /usr/lib/libavahi-common.so.3.5.3
7f3307275000-7f3307276000 rw-p 0000c000 08:04 6838825                    /usr/lib/libavahi-common.so.3.5.3
7f3307276000-7f3307453000 r-xp 00000000 08:04 6850484                    /usr/lib/libcrypto.so.1.0.0
7f3307453000-7f3307652000 ---p 001dd000 08:04 6850484                    /usr/lib/libcrypto.so.1.0.0
7f3307652000-7f330766d000 r--p 001dc000 08:04 6850484                    /usr/lib/libcrypto.so.1.0.0
7f330766d000-7f3307678000 rw-p 001f7000 08:04 6850484                    /usr/lib/libcrypto.so.1.0.0
7f3307678000-7f330767c000 rw-p 00000000 00:00 0 
7f330767c000-7f33076df000 r-xp 00000000 08:04 6825336                    /usr/lib/libssl.so.1.0.0
7f33076df000-7f33078de000 ---p 00063000 08:04 6825336                    /usr/lib/libssl.so.1.0.0
7f33078de000-7f33078e2000 r--p 00062000 08:04 6825336                    /usr/lib/libssl.so.1.0.0
7f33078e2000-7f33078e9000 rw-p 00066000 08:04 6825336                    /usr/lib/libssl.so.1.0.0
7f33078e9000-7f33078ec000 r-xp 00000000 08:04 6826999                    /usr/lib/libcom_err.so.2.1
7f33078ec000-7f3307aeb000 ---p 00003000 08:04 6826999                    /usr/lib/libcom_err.so.2.1
7f3307aeb000-7f3307aec000 r--p 00002000 08:04 6826999                    /usr/lib/libcom_err.so.2.1
7f3307aec000-7f3307aed000 rw-p 00003000 08:04 6826999                    /usr/lib/libcom_err.so.2.1
7f3307aed000-7f3307b1c000 r-xp 00000000 08:04 6838756                    /usr/lib/libk5crypto.so.3.1
7f3307b1c000-7f3307d1b000 ---p 0002f000 08:04 6838756                    /usr/lib/libk5crypto.so.3.1
7f3307d1b000-7f3307d1d000 r--p 0002e000 08:04 6838756                    /usr/lib/libk5crypto.so.3.1
7f3307d1d000-7f3307d1e000 rw-p 00030000 08:04 6838756                    /usr/lib/libk5crypto.so.3.1
7f3307d1e000-7f3307d1f000 rw-p 00000000 00:00 0 
7f3307d1f000-7f3307df0000 r-xp 00000000 08:04 6838732                    /usr/lib/libkrb5.so.3.3
7f3307df0000-7f3307ff0000 ---p 000d1000 08:04 6838732                    /usr/lib/libkrb5.so.3.3
7f3307ff0000-7f3307ffd000 r--p 000d1000 08:04 6838732                    /usr/lib/libkrb5.so.3.3
7f3307ffd000-7f3308000000 rw-p 000de000 08:04 6838732                    /usr/lib/libkrb5.so.3.3
7f3308000000-7f3308759000 rw-p 00000000 00:00 0 
7f3308759000-7f330c000000 ---p 00000000 00:00 0 
7f330c000000-7f330c021000 rw-p 00000000 00:00 0 
7f330c021000-7f3310000000 ---p 00000000 00:00 0 
7f3310000000-7f3310021000 rw-p 00000000 00:00 0 
7f3310021000-7f3314000000 ---p 00000000 00:00 0 
7f3314000000-7f331487f000 rw-p 00000000 00:00 0 
7f331487f000-7f3318000000 ---p 00000000 00:00 0 
7f3318000000-7f3318021000 rw-p 00000000 00:00 0 
7f3318021000-7f331c000000 ---p 00000000 00:00 0 
7f331c000000-7f331c021000 rw-p 00000000 00:00 0 
7f331c021000-7f3320000000 ---p 00000000 00:00 0 
7f3320000000-7f3320021000 rw-p 00000000 00:00 0 
7f3320021000-7f3324000000 ---p 00000000 00:00 0 
7f3324000000-7f3324021000 rw-p 00000000 00:00 0 
7f3324021000-7f3328000000 ---p 00000000 00:00 0 
7f3328000000-7f3328021000 rw-p 00000000 00:00 0 
7f3328021000-7f332c000000 ---p 00000000 00:00 0 
7f332c07b000-7f332c07c000 rw-p 00000000 00:00 0 
7f332c07c000-7f332c07f000 rw-s 00000000 00:04 33980436                   /SYSV00000000 (deleted)
7f332c07f000-7f332c084000 r--s 0004c000 08:04 7345399                    /usr/lib/jvm/java-7-openjdk/jre/lib/jsse.jar
7f332c084000-7f332c088000 r--s 00085000 08:04 7347221                    /usr/lib/jvm/java-7-openjdk/jre/lib/ext/localedata.jar
7f332c088000-7f332c0a5000 r--s 0014f000 08:04 4195671                    /home/mike/workspace/SoftEng/wpi-suite/Janeway/lib/swingx-all-1.6.4.jar
7f332c0a5000-7f332c0a6000 r--s 00012000 08:04 4195670                    /home/mike/workspace/SoftEng/wpi-suite/Janeway/lib/miglayout-4.0-swing.jar
7f332c0a6000-7f332c0b6000 r--s 00155000 08:04 4195669                    /home/mike/workspace/SoftEng/wpi-suite/Janeway/lib/jfreechart-1.0.14.jar
7f332c0b6000-7f332c0bc000 r--s 00046000 08:04 4195668                    /home/mike/workspace/SoftEng/wpi-suite/Janeway/lib/jcommon-1.0.17.jar
7f332c0bc000-7f332c0c8000 r--s 00105000 08:04 4195667                    /home/mike/workspace/SoftEng/wpi-suite/Janeway/lib/iText-2.1.5.jar
7f332c0c8000-7f332c0cd000 r--s 00034000 08:04 4195666                    /home/mike/workspace/SoftEng/wpi-suite/Janeway/lib/gnujaxp.jar
7f332c0cd000-7f332c0cf000 r--s 0001d000 08:04 1185463                    /home/mike/Tomcat7/lib/tomcat-jdbc.jar
7f332c0cf000-7f332c0d1000 r--s 00007000 08:04 1185466                    /home/mike/Tomcat7/lib/websocket-api.jar
7f332c0d1000-7f332c0d2000 r--s 00005000 08:04 1185464                    /home/mike/Tomcat7/lib/tomcat-util.jar
7f332c0d2000-7f332c0d4000 r--s 0000a000 08:04 1185452                    /home/mike/Tomcat7/lib/el-api.jar
7f332c0d4000-7f332c0e6000 r--s 00171000 08:04 1185450                    /home/mike/Tomcat7/lib/catalina.jar
7f332c0e6000-7f332c0e9000 ---p 00000000 00:00 0 
7f332c0e9000-7f332c1e7000 rw-p 00000000 00:00 0                          [stack:914]
7f332c1e7000-7f332c22f000 r-xp 00000000 08:04 6838754                    /usr/lib/libgssapi_krb5.so.2.2
7f332c22f000-7f332c42f000 ---p 00048000 08:04 6838754                    /usr/lib/libgssapi_krb5.so.2.2
7f332c42f000-7f332c430000 r--p 00048000 08:04 6838754                    /usr/lib/libgssapi_krb5.so.2.2
7f332c430000-7f332c432000 rw-p 00049000 08:04 6838754                    /usr/lib/libgssapi_krb5.so.2.2
7f332c432000-7f332c441000 r-xp 00000000 08:04 6822013                    /usr/lib/libbz2.so.1.0.6
7f332c441000-7f332c640000 ---p 0000f000 08:04 6822013                    /usr/lib/libbz2.so.1.0.6
7f332c640000-7f332c642000 rw-p 0000e000 08:04 6822013                    /usr/lib/libbz2.so.1.0.6
7f332c642000-7f332c669000 r-xp 00000000 08:04 6825597                    /usr/lib/libexpat.so.1.6.0
7f332c669000-7f332c869000 ---p 00027000 08:04 6825597                    /usr/lib/libexpat.so.1.6.0
7f332c869000-7f332c86b000 r--p 00027000 08:04 6825597                    /usr/lib/libexpat.so.1.6.0
7f332c86b000-7f332c86c000 rw-p 00029000 08:04 6825597                    /usr/lib/libexpat.so.1.6.0
7f332c86c000-7f332c880000 r-xp 00000000 08:04 6819021                    /usr/lib/libresolv-2.19.so
7f332c880000-7f332ca7f000 ---p 00014000 08:04 6819021                    /usr/lib/libresolv-2.19.so
7f332ca7f000-7f332ca80000 r--p 00013000 08:04 6819021                    /usr/lib/libresolv-2.19.so
7f332ca80000-7f332ca81000 rw-p 00014000 08:04 6819021                    /usr/lib/libresolv-2.19.so
7f332ca81000-7f332ca83000 rw-p 00000000 00:00 0 
7f332ca83000-7f332cae9000 r-xp 00000000 08:04 6825735                    /usr/lib/libpcre.so.1.2.2
7f332cae9000-7f332cce8000 ---p 00066000 08:04 6825735                    /usr/lib/libpcre.so.1.2.2
7f332cce8000-7f332cce9000 r--p 00065000 08:04 6825735                    /usr/lib/libpcre.so.1.2.2
7f332cce9000-7f332ccea000 rw-p 00066000 08:04 6825735                    /usr/lib/libpcre.so.1.2.2
7f332ccea000-7f332ccf1000 r-xp 00000000 08:04 6825756                    /usr/lib/libffi.so.6.0.1
7f332ccf1000-7f332cef0000 ---p 00007000 08:04 6825756                    /usr/lib/libffi.so.6.0.1
7f332cef0000-7f332cef1000 r--p 00006000 08:04 6825756                    /usr/lib/libffi.so.6.0.1
7f332cef1000-7f332cef2000 rw-p 00007000 08:04 6825756                    /usr/lib/libffi.so.6.0.1
7f332cef2000-7f332cf53000 r-xp 00000000 08:04 6956718                    /usr/lib/mesa/libGL.so.1.2.0
7f332cf53000-7f332d152000 ---p 00061000 08:04 6956718                    /usr/lib/mesa/libGL.so.1.2.0
7f332d152000-7f332d155000 r--p 00060000 08:04 6956718                    /usr/lib/mesa/libGL.so.1.2.0
7f332d155000-7f332d156000 rw-p 00063000 08:04 6956718                    /usr/lib/mesa/libGL.so.1.2.0
7f332d156000-7f332d157000 rw-p 00000000 00:00 0 
7f332d157000-7f332d15f000 r-xp 00000000 08:04 6853988                    /usr/lib/libxcb-render.so.0.0.0
7f332d15f000-7f332d35f000 ---p 00008000 08:04 6853988                    /usr/lib/libxcb-render.so.0.0.0
7f332d35f000-7f332d360000 r--p 00008000 08:04 6853988                    /usr/lib/libxcb-render.so.0.0.0
7f332d360000-7f332d361000 rw-p 00009000 08:04 6853988                    /usr/lib/libxcb-render.so.0.0.0
7f332d361000-7f332d363000 r-xp 00000000 08:04 6854015                    /usr/lib/libxcb-shm.so.0.0.0
7f332d363000-7f332d562000 ---p 00002000 08:04 6854015                    /usr/lib/libxcb-shm.so.0.0.0
7f332d562000-7f332d563000 r--p 00001000 08:04 6854015                    /usr/lib/libxcb-shm.so.0.0.0
7f332d563000-7f332d564000 rw-p 00002000 08:04 6854015                    /usr/lib/libxcb-shm.so.0.0.0
7f332d564000-7f332d598000 r-xp 00000000 08:04 6832813                    /usr/lib/libpng16.so.16.10.0
7f332d598000-7f332d797000 ---p 00034000 08:04 6832813                    /usr/lib/libpng16.so.16.10.0
7f332d797000-7f332d798000 r--p 00033000 08:04 6832813                    /usr/lib/libpng16.so.16.10.0
7f332d798000-7f332d799000 rw-p 00034000 08:04 6832813                    /usr/lib/libpng16.so.16.10.0
7f332d799000-7f332d7bb000 r-xp 00000000 08:04 6956719                    /usr/lib/mesa/libEGL.so.1.0.0
7f332d7bb000-7f332d9bb000 ---p 00022000 08:04 6956719                    /usr/lib/mesa/libEGL.so.1.0.0
7f332d9bb000-7f332d9bc000 r--p 00022000 08:04 6956719                    /usr/lib/mesa/libEGL.so.1.0.0
7f332d9bc000-7f332d9bd000 rw-p 00023000 08:04 6956719                    /usr/lib/mesa/libEGL.so.1.0.0
7f332d9bd000-7f332da60000 r-xp 00000000 08:04 6832978                    /usr/lib/libpixman-1.so.0.32.4
7f332da60000-7f332dc60000 ---p 000a3000 08:04 6832978                    /usr/lib/libpixman-1.so.0.32.4
7f332dc60000-7f332dc67000 r--p 000a3000 08:04 6832978                    /usr/lib/libpixman-1.so.0.32.4
7f332dc67000-7f332dc68000 rw-p 000aa000 08:04 6832978                    /usr/lib/libpixman-1.so.0.32.4
7f332dc68000-7f332dcbc000 r-xp 00000000 08:04 6838941                    /usr/lib/libharfbuzz.so.0.926.0
7f332dcbc000-7f332debc000 ---p 00054000 08:04 6838941                    /usr/lib/libharfbuzz.so.0.926.0
7f332debc000-7f332debd000 r--p 00054000 08:04 6838941                    /usr/lib/libharfbuzz.so.0.926.0
7f332debd000-7f332debe000 rw-p 00055000 08:04 6838941                    /usr/lib/libharfbuzz.so.0.926.0
7f332debe000-7f332dec0000 r-xp 00000000 08:04 6836928                    /usr/lib/libXdamage.so.1.1.0
7f332dec0000-7f332e0bf000 ---p 00002000 08:04 6836928                    /usr/lib/libXdamage.so.1.1.0
7f332e0bf000-7f332e0c0000 r--p 00001000 08:04 6836928                    /usr/lib/libXdamage.so.1.1.0
7f332e0c0000-7f332e0c1000 rw-p 00002000 08:04 6836928                    /usr/lib/libXdamage.so.1.1.0
7f332e0c1000-7f332e0c3000 r-xp 00000000 08:04 6838916                    /usr/lib/libXcomposite.so.1.0.0
7f332e0c3000-7f332e2c2000 ---p 00002000 08:04 6838916                    /usr/lib/libXcomposite.so.1.0.0
7f332e2c2000-7f332e2c3000 r--p 00001000 08:04 6838916                    /usr/lib/libXcomposite.so.1.0.0
7f332e2c3000-7f332e2c4000 rw-p 00002000 08:04 6838916                    /usr/lib/libXcomposite.so.1.0.0
7f332e2c4000-7f332e2ce000 r-xp 00000000 08:04 6836818                    /usr/lib/libXcursor.so.1.0.2
7f332e2ce000-7f332e4cd000 ---p 0000a000 08:04 6836818                    /usr/lib/libXcursor.so.1.0.2
7f332e4cd000-7f332e4ce000 r--p 00009000 08:04 6836818                    /usr/lib/libXcursor.so.1.0.2
7f332e4ce000-7f332e4cf000 rw-p 0000a000 08:04 6836818                    /usr/lib/libXcursor.so.1.0.2
7f332e4cf000-7f332e4d8000 r-xp 00000000 08:04 6836732                    /usr/lib/libXrandr.so.2.2.0
7f332e4d8000-7f332e6d7000 ---p 00009000 08:04 6836732                    /usr/lib/libXrandr.so.2.2.0
7f332e6d7000-7f332e6d8000 r--p 00008000 08:04 6836732                    /usr/lib/libXrandr.so.2.2.0
7f332e6d8000-7f332e6d9000 rw-p 00009000 08:04 6836732                    /usr/lib/libXrandr.so.2.2.0
7f332e6d9000-7f332e6db000 r-xp 00000000 08:04 6836753                    /usr/lib/libXinerama.so.1.0.0
7f332e6db000-7f332e8da000 ---p 00002000 08:04 6836753                    /usr/lib/libXinerama.so.1.0.0
7f332e8da000-7f332e8db000 r--p 00001000 08:04 6836753                    /usr/lib/libXinerama.so.1.0.0
7f332e8db000-7f332e8dc000 rw-p 00002000 08:04 6836753                    /usr/lib/libXinerama.so.1.0.0
7f332e8dc000-7f332e8e1000 r-xp 00000000 08:04 6836782                    /usr/lib/libXfixes.so.3.1.0
7f332e8e1000-7f332eae0000 ---p 00005000 08:04 6836782                    /usr/lib/libXfixes.so.3.1.0
7f332eae0000-7f332eae1000 r--p 00004000 08:04 6836782                    /usr/lib/libXfixes.so.3.1.0
7f332eae1000-7f332eae2000 rw-p 00005000 08:04 6836782                    /usr/lib/libXfixes.so.3.1.0
7f332eae2000-7f332eae5000 r-xp 00000000 08:04 6825853                    /usr/lib/libgmodule-2.0.so.0.3800.2
7f332eae5000-7f332ece4000 ---p 00003000 08:04 6825853                    /usr/lib/libgmodule-2.0.so.0.3800.2
7f332ece4000-7f332ece5000 r--p 00002000 08:04 6825853                    /usr/lib/libgmodule-2.0.so.0.3800.2
7f332ece5000-7f332ece6000 rw-p 00003000 08:04 6825853                    /usr/lib/libgmodule-2.0.so.0.3800.2
7f332ece6000-7f332ed04000 r-xp 00000000 08:04 6854006                    /usr/lib/libxcb.so.1.1.0
7f332ed04000-7f332ef04000 ---p 0001e000 08:04 6854006                    /usr/lib/libxcb.so.1.1.0
7f332ef04000-7f332ef05000 r--p 0001e000 08:04 6854006                    /usr/lib/libxcb.so.1.1.0
7f332ef05000-7f332ef06000 rw-p 0001f000 08:04 6854006                    /usr/lib/libxcb.so.1.1.0
7f332ef06000-7f332ef74000 r-xp 00000000 08:04 6838891                    /usr/lib/libcups.so.2
7f332ef74000-7f332f174000 ---p 0006e000 08:04 6838891                    /usr/lib/libcups.so.2
7f332f174000-7f332f17c000 rw-p 0006e000 08:04 6838891                    /usr/lib/libcups.so.2
7f332f17c000-7f332f27a000 r-xp 00000000 08:04 6825852                    /usr/lib/libglib-2.0.so.0.3800.2
7f332f27a000-7f332f479000 ---p 000fe000 08:04 6825852                    /usr/lib/libglib-2.0.so.0.3800.2
7f332f479000-7f332f47a000 r--p 000fd000 08:04 6825852                    /usr/lib/libglib-2.0.so.0.3800.2
7f332f47a000-7f332f47b000 rw-p 000fe000 08:04 6825852                    /usr/lib/libglib-2.0.so.0.3800.2
7f332f47b000-7f332f47c000 rw-p 00000000 00:00 0 
7f332f47c000-7f332f47d000 r-xp 00000000 08:04 6825854                    /usr/lib/libgthread-2.0.so.0.3800.2
7f332f47d000-7f332f67c000 ---p 00001000 08:04 6825854                    /usr/lib/libgthread-2.0.so.0.3800.2
7f332f67c000-7f332f67d000 r--p 00000000 08:04 6825854                    /usr/lib/libgthread-2.0.so.0.3800.2
7f332f67d000-7f332f67e000 rw-p 00001000 08:04 6825854                    /usr/lib/libgthread-2.0.so.0.3800.2
7f332f67e000-7f332f721000 r-xp 00000000 08:04 6827067                    /usr/lib/libfreetype.so.6.11.2
7f332f721000-7f332f920000 ---p 000a3000 08:04 6827067                    /usr/lib/libfreetype.so.6.11.2
7f332f920000-7f332f926000 r--p 000a2000 08:04 6827067                    /usr/lib/libfreetype.so.6.11.2
7f332f926000-7f332f927000 rw-p 000a8000 08:04 6827067                    /usr/lib/libfreetype.so.6.11.2
7f332f927000-7f332f962000 r-xp 00000000 08:04 6836224                    /usr/lib/libfontconfig.so.1.8.0
7f332f962000-7f332fb61000 ---p 0003b000 08:04 6836224                    /usr/lib/libfontconfig.so.1.8.0
7f332fb61000-7f332fb63000 r--p 0003a000 08:04 6836224                    /usr/lib/libfontconfig.so.1.8.0
7f332fb63000-7f332fb64000 rw-p 0003c000 08:04 6836224                    /usr/lib/libfontconfig.so.1.8.0
7f332fb64000-7f332fbb3000 r-xp 00000000 08:04 6825855                    /usr/lib/libgobject-2.0.so.0.3800.2
7f332fbb3000-7f332fdb3000 ---p 0004f000 08:04 6825855                    /usr/lib/libgobject-2.0.so.0.3800.2
7f332fdb3000-7f332fdb4000 r--p 0004f000 08:04 6825855                    /usr/lib/libgobject-2.0.so.0.3800.2
7f332fdb4000-7f332fdb5000 rw-p 00050000 08:04 6825855                    /usr/lib/libgobject-2.0.so.0.3800.2
7f332fdb5000-7f332fdfd000 r-xp 00000000 08:04 6838962                    /usr/lib/libpango-1.0.so.0.3600.3
7f332fdfd000-7f332fffd000 ---p 00048000 08:04 6838962                    /usr/lib/libpango-1.0.so.0.3600.3
7f332fffd000-7f332ffff000 r--p 00048000 08:04 6838962                    /usr/lib/libpango-1.0.so.0.3600.3
7f332ffff000-7f3330000000 rw-p 0004a000 08:04 6838962                    /usr/lib/libpango-1.0.so.0.3600.3
7f3330000000-7f3330021000 rw-p 00000000 00:00 0 
7f3330021000-7f3334000000 ---p 00000000 00:00 0 
7f3334000000-7f3334002000 r--s 0001f000 08:04 1185448                    /home/mike/Tomcat7/lib/catalina-ha.jar
7f3334002000-7f3334005000 r--s 00029000 08:04 1185456                    /home/mike/Tomcat7/lib/servlet-api.jar
7f3334005000-7f3334009000 r--s 00036000 08:04 1185459                    /home/mike/Tomcat7/lib/tomcat-dbcp.jar
7f3334009000-7f333400a000 r--s 00003000 08:04 1185446                    /home/mike/Tomcat7/lib/annotations-api.jar
7f333400a000-7f333400c000 r--s 00011000 08:04 1185460                    /home/mike/Tomcat7/lib/tomcat-i18n-es.jar
7f333400c000-7f3334010000 r--s 0003b000 08:04 1185449                    /home/mike/Tomcat7/lib/catalina-tribes.jar
7f3334010000-7f3334011000 r--s 00001000 08:04 1185457                    /home/mike/Tomcat7/lib/tomcat-api.jar
7f3334011000-7f3334014000 r--s 00013000 08:04 1185455                    /home/mike/Tomcat7/lib/jsp-api.jar
7f3334014000-7f3334018000 r--s 00025000 08:04 1185465                    /home/mike/Tomcat7/lib/tomcat7-websocket.jar
7f3334018000-7f333401a000 r--s 0000b000 08:04 1185462                    /home/mike/Tomcat7/lib/tomcat-i18n-ja.jar
7f333401a000-7f3334022000 r--s 0008b000 08:04 1185454                    /home/mike/Tomcat7/lib/jasper.jar
7f3334022000-7f3334030000 r--s 000be000 08:04 1185458                    /home/mike/Tomcat7/lib/tomcat-coyote.jar
7f3334030000-7f3334032000 r--s 0000c000 08:04 1185447                    /home/mike/Tomcat7/lib/catalina-ant.jar
7f3334032000-7f3334041000 r--s 001a9000 08:04 1185451                    /home/mike/Tomcat7/lib/ecj-4.2.2.jar
7f3334041000-7f3334044000 r--s 0001c000 08:04 1185453                    /home/mike/Tomcat7/lib/jasper-el.jar
7f3334044000-7f333404b000 r--s 00034000 08:04 4195736                    /home/mike/workspace/SoftEng/wpi-suite/Network/Libraries/simple-5.0.4.jar
7f333404b000-7f3334051000 r--s 00036000 08:04 7345254                    /usr/share/eclipse/plugins/org.junit_4.11.0.v201303080030/junit.jar
7f3334051000-7f3334086000 r--s 00251000 08:04 4195465                    /home/mike/workspace/SoftEng/wpi-suite/Core/WPISuite/WebContent/WEB-INF/lib/db4o-8.0.249.16098-all-java5.jar
7f3334086000-7f3334089000 ---p 00000000 00:00 0 
7f3334089000-7f3334187000 rw-p 00000000 00:00 0                          [stack:913]
7f3334187000-7f333419b000 r-xp 00000000 08:04 6838964                    /usr/lib/libpangoft2-1.0.so.0.3600.3
7f333419b000-7f333439a000 ---p 00014000 08:04 6838964                    /usr/lib/libpangoft2-1.0.so.0.3600.3
7f333439a000-7f333439b000 r--p 00013000 08:04 6838964                    /usr/lib/libpangoft2-1.0.so.0.3600.3
7f333439b000-7f333439c000 rw-p 00014000 08:04 6838964                    /usr/lib/libpangoft2-1.0.so.0.3600.3
7f333439c000-7f33344f6000 r-xp 00000000 08:04 6825856                    /usr/lib/libgio-2.0.so.0.3800.2
7f33344f6000-7f33346f6000 ---p 0015a000 08:04 6825856                    /usr/lib/libgio-2.0.so.0.3800.2
7f33346f6000-7f33346fa000 r--p 0015a000 08:04 6825856                    /usr/lib/libgio-2.0.so.0.3800.2
7f33346fa000-7f33346fc000 rw-p 0015e000 08:04 6825856                    /usr/lib/libgio-2.0.so.0.3800.2
7f33346fc000-7f33346fe000 rw-p 00000000 00:00 0 
7f33346fe000-7f3334721000 r-xp 00000000 08:04 6837534                    /usr/lib/libgdk_pixbuf-2.0.so.0.3000.6
7f3334721000-7f3334920000 ---p 00023000 08:04 6837534                    /usr/lib/libgdk_pixbuf-2.0.so.0.3000.6
7f3334920000-7f3334921000 r--p 00022000 08:04 6837534                    /usr/lib/libgdk_pixbuf-2.0.so.0.3000.6
7f3334921000-7f3334922000 rw-p 00023000 08:04 6837534                    /usr/lib/libgdk_pixbuf-2.0.so.0.3000.6
7f3334922000-7f3334a3e000 r-xp 00000000 08:04 6837319                    /usr/lib/libcairo.so.2.11200.16
7f3334a3e000-7f3334c3e000 ---p 0011c000 08:04 6837319                    /usr/lib/libcairo.so.2.11200.16
7f3334c3e000-7f3334c41000 r--p 0011c000 08:04 6837319                    /usr/lib/libcairo.so.2.11200.16
7f3334c41000-7f3334c43000 rw-p 0011f000 08:04 6837319                    /usr/lib/libcairo.so.2.11200.16
7f3334c43000-7f3334c44000 rw-p 00000000 00:00 0 
7f3334c44000-7f3334c64000 r-xp 00000000 08:04 6837317                    /usr/lib/libatk-1.0.so.0.21009.1
7f3334c64000-7f3334e64000 ---p 00020000 08:04 6837317                    /usr/lib/libatk-1.0.so.0.21009.1
7f3334e64000-7f3334e66000 r--p 00020000 08:04 6837317                    /usr/lib/libatk-1.0.so.0.21009.1
7f3334e66000-7f3334e67000 rw-p 00022000 08:04 6837317                    /usr/lib/libatk-1.0.so.0.21009.1
7f3334e67000-7f3334e72000 r-xp 00000000 08:04 6853247                    /usr/lib/libpangocairo-1.0.so.0.3600.3
7f3334e72000-7f3335072000 ---p 0000b000 08:04 6853247                    /usr/lib/libpangocairo-1.0.so.0.3600.3
7f3335072000-7f3335073000 r--p 0000b000 08:04 6853247                    /usr/lib/libpangocairo-1.0.so.0.3600.3
7f3335073000-7f3335074000 rw-p 0000c000 08:04 6853247                    /usr/lib/libpangocairo-1.0.so.0.3600.3
7f3335074000-7f3335122000 r-xp 00000000 08:04 6844731                    /usr/lib/libgdk-x11-2.0.so.0.2400.22
7f3335122000-7f3335321000 ---p 000ae000 08:04 6844731                    /usr/lib/libgdk-x11-2.0.so.0.2400.22
7f3335321000-7f3335325000 r--p 000ad000 08:04 6844731                    /usr/lib/libgdk-x11-2.0.so.0.2400.22
7f3335325000-7f3335327000 rw-p 000b1000 08:04 6844731                    /usr/lib/libgdk-x11-2.0.so.0.2400.22
7f3335327000-7f333574d000 r-xp 00000000 08:04 6844732                    /usr/lib/libgtk-x11-2.0.so.0.2400.22
7f333574d000-7f333594c000 ---p 00426000 08:04 6844732                    /usr/lib/libgtk-x11-2.0.so.0.2400.22
7f333594c000-7f3335953000 r--p 00425000 08:04 6844732                    /usr/lib/libgtk-x11-2.0.so.0.2400.22
7f3335953000-7f3335957000 rw-p 0042c000 08:04 6844732                    /usr/lib/libgtk-x11-2.0.so.0.2400.22
7f3335957000-7f333595a000 rw-p 00000000 00:00 0 
7f333595a000-7f3335969000 r-xp 00000000 08:04 6836723                    /usr/lib/libXi.so.6.1.0
7f3335969000-7f3335b68000 ---p 0000f000 08:04 6836723                    /usr/lib/libXi.so.6.1.0
7f3335b68000-7f3335b69000 r--p 0000e000 08:04 6836723                    /usr/lib/libXi.so.6.1.0
7f3335b69000-7f3335b6a000 rw-p 0000f000 08:04 6836723                    /usr/lib/libXi.so.6.1.0
7f3335b6a000-7f3335b6f000 r-xp 00000000 08:04 6837119                    /usr/lib/libXtst.so.6.1.0
7f3335b6f000-7f3335d6e000 ---p 00005000 08:04 6837119                    /usr/lib/libXtst.so.6.1.0
7f3335d6e000-7f3335d6f000 r--p 00004000 08:04 6837119                    /usr/lib/libXtst.so.6.1.0
7f3335d6f000-7f3335d70000 rw-p 00005000 08:04 6837119                    /usr/lib/libXtst.so.6.1.0
7f3335d70000-7f3338000000 rw-p 00000000 00:00 0 
7f3338000000-7f3338021000 rw-p 00000000 00:00 0 
7f3338021000-7f333c000000 ---p 00000000 00:00 0 
7f333c000000-7f333c002000 r--s 0000a000 08:04 1185461                    /home/mike/Tomcat7/lib/tomcat-i18n-fr.jar
7f333c002000-7f333c012000 r--s 000d1000 08:04 4195471                    /home/mike/workspace/SoftEng/wpi-suite/Core/WPISuite/WebContent/WEB-INF/lib/jackson-databind-2.1.0.jar
7f333c012000-7f333c016000 r--s 0002f000 08:04 4195470                    /home/mike/workspace/SoftEng/wpi-suite/Core/WPISuite/WebContent/WEB-INF/lib/jackson-core-2.1.2.jar
7f333c016000-7f333c01f000 r--s 00060000 08:04 4195467                    /home/mike/workspace/SoftEng/wpi-suite/Core/WPISuite/WebContent/WEB-INF/lib/httpclient-4.2.2.jar
7f333c01f000-7f333c050000 rw-p 00000000 00:00 0 
7f333c050000-7f333c053000 ---p 00000000 00:00 0 
7f333c053000-7f333c151000 rw-p 00000000 00:00 0                          [stack:912]
7f333c151000-7f333c15a000 r-xp 00000000 08:04 6836728                    /usr/lib/libXrender.so.1.3.0
7f333c15a000-7f333c359000 ---p 00009000 08:04 6836728                    /usr/lib/libXrender.so.1.3.0
7f333c359000-7f333c35a000 r--p 00008000 08:04 6836728                    /usr/lib/libXrender.so.1.3.0
7f333c35a000-7f333c35b000 rw-p 00009000 08:04 6836728                    /usr/lib/libXrender.so.1.3.0
7f333c35b000-7f333c490000 r-xp 00000000 08:04 6835174                    /usr/lib/libX11.so.6.3.0
7f333c490000-7f333c690000 ---p 00135000 08:04 6835174                    /usr/lib/libX11.so.6.3.0
7f333c690000-7f333c691000 r--p 00135000 08:04 6835174                    /usr/lib/libX11.so.6.3.0
7f333c691000-7f333c696000 rw-p 00136000 08:04 6835174                    /usr/lib/libX11.so.6.3.0
7f333c696000-7f333c6a7000 r-xp 00000000 08:04 6836329                    /usr/lib/libXext.so.6.4.0
7f333c6a7000-7f333c8a6000 ---p 00011000 08:04 6836329                    /usr/lib/libXext.so.6.4.0
7f333c8a6000-7f333c8a7000 r--p 00010000 08:04 6836329                    /usr/lib/libXext.so.6.4.0
7f333c8a7000-7f333c8a8000 rw-p 00011000 08:04 6836329                    /usr/lib/libXext.so.6.4.0
7f333c8a8000-7f333c8ae000 r--s 00031000 08:04 4195468                    /home/mike/workspace/SoftEng/wpi-suite/Core/WPISuite/WebContent/WEB-INF/lib/httpcore-4.2.2.jar
7f333c8ae000-7f333c8b3000 r--s 0002a000 08:04 4195466                    /home/mike/workspace/SoftEng/wpi-suite/Core/WPISuite/WebContent/WEB-INF/lib/gson-2.2.2.jar
7f333c8b3000-7f333c8ba000 r--s 00039000 08:04 4195463                    /home/mike/workspace/SoftEng/wpi-suite/Core/WPISuite/WebContent/WEB-INF/lib/commons-codec-1.7.jar
7f333c8ba000-7f333c8c0000 r--s 00033000 08:04 4195462                    /home/mike/workspace/SoftEng/wpi-suite/Core/WPISuite/WebContent/WEB-INF/lib/commons-codec-1.6.jar
7f333c8c0000-7f333c8c7000 r--s 0003b000 08:04 4197091                    /home/mike/workspace/SoftEng/wpi-suite/Core/WPISuite/WebContent/WEB-INF/lib/RequirementManager.jar
7f333c8c7000-7f333c8cf000 r--s 00042000 08:04 4196418                    /home/mike/workspace/SoftEng/wpi-suite/Core/WPISuite/WebContent/WEB-INF/lib/PlanningPoker.jar
7f333c8cf000-7f333c8d9000 r--s 000b8000 08:04 7345396                    /usr/lib/jvm/java-7-openjdk/jre/lib/resources.jar
7f333c8d9000-7f333c92a000 r-xp 00000000 08:04 7873629                    /usr/lib/jvm/java-7-openjdk/jre/lib/amd64/xawt/libmawt.so
7f333c92a000-7f333cb2a000 ---p 00051000 08:04 7873629                    /usr/lib/jvm/java-7-openjdk/jre/lib/amd64/xawt/libmawt.so
7f333cb2a000-7f333cb2d000 rw-p 00051000 08:04 7873629                    /usr/lib/jvm/java-7-openjdk/jre/lib/amd64/xawt/libmawt.so
7f333cb2d000-7f333cb2e000 rw-p 00000000 00:00 0 
7f333cb2e000-7f333cbce000 r-xp 00000000 08:04 7347213                    /usr/lib/jvm/java-7-openjdk/jre/lib/amd64/libawt.so
7f333cbce000-7f333cdce000 ---p 000a0000 08:04 7347213                    /usr/lib/jvm/java-7-openjdk/jre/lib/amd64/libawt.so
7f333cdce000-7f333cdda000 rw-p 000a0000 08:04 7347213                    /usr/lib/jvm/java-7-openjdk/jre/lib/amd64/libawt.so
7f333cdda000-7f333cdfe000 rw-p 00000000 00:00 0 
7f333cdfe000-7f333cdff000 ---p 00000000 00:00 0 
7f333cdff000-7f333ceff000 rw-p 00000000 00:00 0                          [stack:911]
7f333ceff000-7f333cf02000 ---p 00000000 00:00 0 
7f333cf02000-7f333d000000 rw-p 00000000 00:00 0                          [stack:910]
7f333d000000-7f333d270000 rwxp 00000000 00:00 0 
7f333d270000-7f3340579000 rw-p 00000000 00:00 0 
7f3340579000-7f3344000000 ---p 00000000 00:00 0 
7f3344000000-7f3344003000 r--s 00029000 08:04 4195472                    /home/mike/workspace/SoftEng/wpi-suite/Core/WPISuite/WebContent/WEB-INF/lib/servlet-api.jar
7f3344003000-7f3344011000 r-xp 00000000 08:04 6826775                    /usr/lib/libudev.so.1.4.0
7f3344011000-7f3344012000 r--p 0000d000 08:04 6826775                    /usr/lib/libudev.so.1.4.0
7f3344012000-7f3344013000 rw-p 0000e000 08:04 6826775                    /usr/lib/libudev.so.1.4.0
7f3344013000-7f3344016000 ---p 00000000 00:00 0 
7f3344016000-7f3344114000 rw-p 00000000 00:00 0                          [stack:909]
7f3344114000-7f3344117000 ---p 00000000 00:00 0 
7f3344117000-7f3344215000 rw-p 00000000 00:00 0                          [stack:908]
7f3344215000-7f3344218000 ---p 00000000 00:00 0 
7f3344218000-7f3344316000 rw-p 00000000 00:00 0                          [stack:907]
7f3344316000-7f334460e000 r--p 00000000 08:04 6847285                    /usr/lib/locale/locale-archive
7f334460e000-7f3344611000 ---p 00000000 00:00 0 
7f3344611000-7f334470f000 rw-p 00000000 00:00 0                          [stack:906]
7f334470f000-7f3344712000 ---p 00000000 00:00 0 
7f3344712000-7f3344810000 rw-p 00000000 00:00 0                          [stack:905]
7f3344810000-7f3344811000 ---p 00000000 00:00 0 
7f3344811000-7f334590d000 rw-p 00000000 00:00 0                          [stack:904]
7f334590d000-7f3345abb000 r--s 01cf4000 08:04 7345378                    /usr/lib/jvm/java-7-openjdk/jre/lib/rt.jar
7f3345abb000-7f3345ddd000 rw-p 00000000 00:00 0 
7f3345ddd000-7f3345dde000 ---p 00000000 00:00 0 
7f3345dde000-7f3345ede000 rw-p 00000000 00:00 0                          [stack:903]
7f3345ede000-7f3345edf000 ---p 00000000 00:00 0 
7f3345edf000-7f3345fdf000 rw-p 00000000 00:00 0                          [stack:902]
7f3345fdf000-7f3345fe0000 ---p 00000000 00:00 0 
7f3345fe0000-7f33460e0000 rw-p 00000000 00:00 0                          [stack:901]
7f33460e0000-7f33460e1000 ---p 00000000 00:00 0 
7f33460e1000-7f33461ec000 rw-p 00000000 00:00 0                          [stack:900]
7f33461ec000-7f3346234000 rw-p 00000000 00:00 0 
7f3346234000-7f3346248000 rw-p 00000000 00:00 0 
7f3346248000-7f334636e000 rw-p 00000000 00:00 0 
7f334636e000-7f3346379000 rw-p 00000000 00:00 0 
7f3346379000-7f33463c1000 rw-p 00000000 00:00 0 
7f33463c1000-7f33463d5000 rw-p 00000000 00:00 0 
7f33463d5000-7f33464fa000 rw-p 00000000 00:00 0 
7f33464fa000-7f3346507000 rw-p 00000000 00:00 0 
7f3346507000-7f334650c000 ---p 00000000 00:00 0 
7f334650c000-7f3346597000 rw-p 00000000 00:00 0 
7f3346597000-7f3346598000 rw-p 00000000 00:00 0 
7f3346598000-7f33465a0000 r-xp 00000000 08:04 7345455                    /usr/lib/jvm/java-7-openjdk/jre/lib/amd64/libzip.so
7f33465a0000-7f334679f000 ---p 00008000 08:04 7345455                    /usr/lib/jvm/java-7-openjdk/jre/lib/amd64/libzip.so
7f334679f000-7f33467a0000 rw-p 00007000 08:04 7345455                    /usr/lib/jvm/java-7-openjdk/jre/lib/amd64/libzip.so
7f33467a0000-7f33467ab000 r-xp 00000000 08:04 6819079                    /usr/lib/libnss_files-2.19.so
7f33467ab000-7f33469aa000 ---p 0000b000 08:04 6819079                    /usr/lib/libnss_files-2.19.so
7f33469aa000-7f33469ab000 r--p 0000a000 08:04 6819079                    /usr/lib/libnss_files-2.19.so
7f33469ab000-7f33469ac000 rw-p 0000b000 08:04 6819079                    /usr/lib/libnss_files-2.19.so
7f33469ac000-7f33469d7000 r-xp 00000000 08:04 7345453                    /usr/lib/jvm/java-7-openjdk/jre/lib/amd64/libjava.so
7f33469d7000-7f3346bd6000 ---p 0002b000 08:04 7345453                    /usr/lib/jvm/java-7-openjdk/jre/lib/amd64/libjava.so
7f3346bd6000-7f3346bd8000 rw-p 0002a000 08:04 7345453                    /usr/lib/jvm/java-7-openjdk/jre/lib/amd64/libjava.so
7f3346bd8000-7f3346be5000 r-xp 00000000 08:04 7345450                    /usr/lib/jvm/java-7-openjdk/jre/lib/amd64/libverify.so
7f3346be5000-7f3346de4000 ---p 0000d000 08:04 7345450                    /usr/lib/jvm/java-7-openjdk/jre/lib/amd64/libverify.so
7f3346de4000-7f3346de6000 rw-p 0000c000 08:04 7345450                    /usr/lib/jvm/java-7-openjdk/jre/lib/amd64/libverify.so
7f3346de6000-7f3346ded000 r-xp 00000000 08:04 6819080                    /usr/lib/librt-2.19.so
7f3346ded000-7f3346fec000 ---p 00007000 08:04 6819080                    /usr/lib/librt-2.19.so
7f3346fec000-7f3346fed000 r--p 00006000 08:04 6819080                    /usr/lib/librt-2.19.so
7f3346fed000-7f3346fee000 rw-p 00007000 08:04 6819080                    /usr/lib/librt-2.19.so
7f3346fee000-7f3347003000 r-xp 00000000 08:04 6822044                    /usr/lib/libgcc_s.so.1
7f3347003000-7f3347203000 ---p 00015000 08:04 6822044                    /usr/lib/libgcc_s.so.1
7f3347203000-7f3347204000 rw-p 00015000 08:04 6822044                    /usr/lib/libgcc_s.so.1
7f3347204000-7f3347304000 r-xp 00000000 08:04 6819016                    /usr/lib/libm-2.19.so
7f3347304000-7f3347503000 ---p 00100000 08:04 6819016                    /usr/lib/libm-2.19.so
7f3347503000-7f3347504000 r--p 000ff000 08:04 6819016                    /usr/lib/libm-2.19.so
7f3347504000-7f3347505000 rw-p 00100000 08:04 6819016                    /usr/lib/libm-2.19.so
7f3347505000-7f33475eb000 r-xp 00000000 08:04 6822054                    /usr/lib/libstdc++.so.6.0.19
7f33475eb000-7f33477ea000 ---p 000e6000 08:04 6822054                    /usr/lib/libstdc++.so.6.0.19
7f33477ea000-7f33477f2000 r--p 000e5000 08:04 6822054                    /usr/lib/libstdc++.so.6.0.19
7f33477f2000-7f33477f4000 rw-p 000ed000 08:04 6822054                    /usr/lib/libstdc++.so.6.0.19
7f33477f4000-7f3347809000 rw-p 00000000 00:00 0 
7f3347809000-7f33482e9000 r-xp 00000000 08:04 7872006                    /usr/lib/jvm/java-7-openjdk/jre/lib/amd64/server/libjvm.so
7f33482e9000-7f33484e8000 ---p 00ae0000 08:04 7872006                    /usr/lib/jvm/java-7-openjdk/jre/lib/amd64/server/libjvm.so
7f33484e8000-7f334859d000 rw-p 00adf000 08:04 7872006                    /usr/lib/jvm/java-7-openjdk/jre/lib/amd64/server/libjvm.so
7f334859d000-7f33485ca000 rw-p 00000000 00:00 0 
7f33485ca000-7f33485df000 r-xp 00000000 08:04 6822088                    /usr/lib/libz.so.1.2.8
7f33485df000-7f33487de000 ---p 00015000 08:04 6822088                    /usr/lib/libz.so.1.2.8
7f33487de000-7f33487df000 r--p 00014000 08:04 6822088                    /usr/lib/libz.so.1.2.8
7f33487df000-7f33487e0000 rw-p 00015000 08:04 6822088                    /usr/lib/libz.so.1.2.8
7f33487e0000-7f334897e000 r-xp 00000000 08:04 6819086                    /usr/lib/libc-2.19.so
7f334897e000-7f3348b7e000 ---p 0019e000 08:04 6819086                    /usr/lib/libc-2.19.so
7f3348b7e000-7f3348b82000 r--p 0019e000 08:04 6819086                    /usr/lib/libc-2.19.so
7f3348b82000-7f3348b84000 rw-p 001a2000 08:04 6819086                    /usr/lib/libc-2.19.so
7f3348b84000-7f3348b88000 rw-p 00000000 00:00 0 
7f3348b88000-7f3348b8b000 r-xp 00000000 08:04 6819031                    /usr/lib/libdl-2.19.so
7f3348b8b000-7f3348d8a000 ---p 00003000 08:04 6819031                    /usr/lib/libdl-2.19.so
7f3348d8a000-7f3348d8b000 r--p 00002000 08:04 6819031                    /usr/lib/libdl-2.19.so
7f3348d8b000-7f3348d8c000 rw-p 00003000 08:04 6819031                    /usr/lib/libdl-2.19.so
7f3348d8c000-7f3348d99000 r-xp 00000000 08:04 7872004                    /usr/lib/jvm/java-7-openjdk/jre/lib/amd64/jli/libjli.so
7f3348d99000-7f3348f98000 ---p 0000d000 08:04 7872004                    /usr/lib/jvm/java-7-openjdk/jre/lib/amd64/jli/libjli.so
7f3348f98000-7f3348f99000 rw-p 0000c000 08:04 7872004                    /usr/lib/jvm/java-7-openjdk/jre/lib/amd64/jli/libjli.so
7f3348f99000-7f3348fb1000 r-xp 00000000 08:04 6819100                    /usr/lib/libpthread-2.19.so
7f3348fb1000-7f33491b0000 ---p 00018000 08:04 6819100                    /usr/lib/libpthread-2.19.so
7f33491b0000-7f33491b1000 r--p 00017000 08:04 6819100                    /usr/lib/libpthread-2.19.so
7f33491b1000-7f33491b2000 rw-p 00018000 08:04 6819100                    /usr/lib/libpthread-2.19.so
7f33491b2000-7f33491b6000 rw-p 00000000 00:00 0 
7f33491b6000-7f33491d6000 r-xp 00000000 08:04 6819061                    /usr/lib/ld-2.19.so
7f33491d6000-7f33491d8000 r--s 0000c000 08:04 7217963                    /usr/share/eclipse/plugins/org.hamcrest.core_1.3.0.v201303031735.jar
7f33491d8000-7f33491da000 r--s 00007000 08:04 4195469                    /home/mike/workspace/SoftEng/wpi-suite/Core/WPISuite/WebContent/WEB-INF/lib/jackson-annotations-2.1.1.jar
7f33491da000-7f33491dd000 r-xp 00000000 08:04 6826795                    /usr/lib/libnss_myhostname.so.2
7f33491dd000-7f33491de000 r--p 00002000 08:04 6826795                    /usr/lib/libnss_myhostname.so.2
7f33491de000-7f33491df000 rw-p 00003000 08:04 6826795                    /usr/lib/libnss_myhostname.so.2
7f33491df000-7f33491e9000 rw-p 00000000 00:00 0 
7f33491e9000-7f334929f000 rw-p 00000000 00:00 0 
7f334929f000-7f33492a2000 ---p 00000000 00:00 0 
7f33492a2000-7f33493a4000 rw-p 00000000 00:00 0                          [stack:899]
7f33493a4000-7f33493a6000 r--s 0000d000 08:04 4195464                    /home/mike/workspace/SoftEng/wpi-suite/Core/WPISuite/WebContent/WEB-INF/lib/commons-logging-1.1.1.jar
7f33493a6000-7f33493a7000 r--s 00005000 08:04 4196379                    /home/mike/workspace/SoftEng/wpi-suite/Core/WPISuite/WebContent/WEB-INF/lib/WPISuite-Interfaces.jar
7f33493a7000-7f33493a8000 r--s 00003000 08:04 4196502                    /home/mike/workspace/SoftEng/wpi-suite/Core/WPISuite/WebContent/WEB-INF/lib/PostBoard.jar
7f33493a8000-7f33493ac000 r--s 00017000 08:04 4197133                    /home/mike/workspace/SoftEng/wpi-suite/Core/WPISuite/WebContent/WEB-INF/lib/DefectTracker.jar
7f33493ac000-7f33493b2000 r--s 00023000 08:04 4457989                    /home/mike/workspace/SoftEng/wpi-suite/PlanningPoker/jcalendar-1.4.jar
7f33493b2000-7f33493b5000 r--s 0000f000 08:04 7347219                    /usr/lib/jvm/java-7-openjdk/jre/lib/ext/pulse-java.jar
7f33493b5000-7f33493cb000 rw-p 00000000 00:00 0 
7f33493cb000-7f33493d3000 rw-s 00000000 00:1d 509115                     /tmp/hsperfdata_mike/894
7f33493d3000-7f33493d4000 rw-p 00000000 00:00 0 
7f33493d4000-7f33493d5000 r--p 00000000 00:00 0 
7f33493d5000-7f33493d6000 rw-p 00000000 00:00 0 
7f33493d6000-7f33493d7000 r--p 00020000 08:04 6819061                    /usr/lib/ld-2.19.so
7f33493d7000-7f33493d8000 rw-p 00021000 08:04 6819061                    /usr/lib/ld-2.19.so
7f33493d8000-7f33493d9000 rw-p 00000000 00:00 0 
7fff5f789000-7fff5f7ab000 rw-p 00000000 00:00 0                          [stack]
7fff5f7fe000-7fff5f800000 r-xp 00000000 00:00 0                          [vdso]
ffffffffff600000-ffffffffff601000 r-xp 00000000 00:00 0                  [vsyscall]

VM Arguments:
jvm_args: -Dfile.encoding=UTF-8 
java_command: edu.wpi.cs.wpisuitetng.janeway.Janeway
Launcher Type: SUN_STANDARD

Environment Variables:
JAVA_HOME=/usr/lib/jvm/java-7-openjdk
PATH=/usr/local/sbin:/usr/local/bin:/usr/bin:/opt/android-sdk/build-tools/19.0.3/:/opt/android-sdk/platform-tools:/opt/android-sdk/tools:/usr/bin/core_perl
USERNAME=mike
SHELL=/bin/bash
DISPLAY=:0

Signal Handlers:
SIGSEGV: [libjvm.so+0x9180b0], sa_mask[0]=0x7ffbfeff, sa_flags=0x10000004
SIGBUS: [libjvm.so+0x9180b0], sa_mask[0]=0x7ffbfeff, sa_flags=0x10000004
SIGFPE: [libjvm.so+0x795900], sa_mask[0]=0x7ffbfeff, sa_flags=0x10000004
SIGPIPE: [libjvm.so+0x795900], sa_mask[0]=0x7ffbfeff, sa_flags=0x10000004
SIGXFSZ: [libjvm.so+0x795900], sa_mask[0]=0x7ffbfeff, sa_flags=0x10000004
SIGILL: [libjvm.so+0x795900], sa_mask[0]=0x7ffbfeff, sa_flags=0x10000004
SIGUSR1: SIG_DFL, sa_mask[0]=0x00000000, sa_flags=0x00000000
SIGUSR2: [libjvm.so+0x7957a0], sa_mask[0]=0x00000004, sa_flags=0x10000004
SIGHUP: [libjvm.so+0x795980], sa_mask[0]=0x7ffbfeff, sa_flags=0x10000004
SIGINT: [libjvm.so+0x795980], sa_mask[0]=0x7ffbfeff, sa_flags=0x10000004
SIGTERM: [libjvm.so+0x795980], sa_mask[0]=0x7ffbfeff, sa_flags=0x10000004
SIGQUIT: [libjvm.so+0x795980], sa_mask[0]=0x7ffbfeff, sa_flags=0x10000004


---------------  S Y S T E M  ---------------

OS:Linux
uname:Linux 3.13.8-1-ARCH #1 SMP PREEMPT Tue Apr 1 12:19:51 CEST 2014 x86_64
libc:glibc 2.19 NPTL 2.19 
rlimit: STACK 8192k, CORE 0k, NPROC 30014, NOFILE 4096, AS infinity
load average:18.72 6.25 2.40

/proc/meminfo:
MemTotal:        3847316 kB
MemFree:          250472 kB
Buffers:            1280 kB
Cached:           872528 kB
SwapCached:            0 kB
Active:          2781032 kB
Inactive:         653268 kB
Active(anon):    2779964 kB
Inactive(anon):   641252 kB
Active(file):       1068 kB
Inactive(file):    12016 kB
Unevictable:           0 kB
Mlocked:               0 kB
SwapTotal:             0 kB
SwapFree:              0 kB
Dirty:                64 kB
Writeback:            24 kB
AnonPages:       2560840 kB
Mapped:            32440 kB
Shmem:            860384 kB
Slab:              49988 kB
SReclaimable:      25952 kB
SUnreclaim:        24036 kB
KernelStack:        3584 kB
PageTables:        27388 kB
NFS_Unstable:          0 kB
Bounce:                0 kB
WritebackTmp:          0 kB
CommitLimit:     1923656 kB
Committed_AS:    5402468 kB
VmallocTotal:   34359738367 kB
VmallocUsed:      555296 kB
VmallocChunk:   34359150972 kB
HardwareCorrupted:     0 kB
AnonHugePages:    917504 kB
HugePages_Total:       0
HugePages_Free:        0
HugePages_Rsvd:        0
HugePages_Surp:        0
Hugepagesize:       2048 kB
DirectMap4k:       10496 kB
DirectMap2M:     3977216 kB


CPU:total 4 (2 cores per cpu, 2 threads per core) family 6 model 37 stepping 5, cmov, cx8, fxsr, mmx, sse, sse2, sse3, ssse3, sse4.1, sse4.2, popcnt, ht, tsc, tscinvbit

/proc/cpuinfo:
processor	: 0
vendor_id	: GenuineIntel
cpu family	: 6
model		: 37
model name	: Intel(R) Core(TM) i3 CPU       M 370  @ 2.40GHz
stepping	: 5
microcode	: 0x2
cpu MHz		: 2399.000
cache size	: 3072 KB
physical id	: 0
siblings	: 4
core id		: 0
cpu cores	: 2
apicid		: 0
initial apicid	: 0
fpu		: yes
fpu_exception	: yes
cpuid level	: 11
wp		: yes
flags		: fpu vme de pse tsc msr pae mce cx8 apic sep mtrr pge mca cmov pat pse36 clflush dts acpi mmx fxsr sse sse2 ss ht tm pbe syscall nx rdtscp lm constant_tsc arch_perfmon pebs bts rep_good nopl xtopology nonstop_tsc aperfmperf pni dtes64 monitor ds_cpl vmx est tm2 ssse3 cx16 xtpr pdcm pcid sse4_1 sse4_2 popcnt lahf_lm arat dtherm tpr_shadow vnmi flexpriority ept vpid
bogomips	: 4789.37
clflush size	: 64
cache_alignment	: 64
address sizes	: 36 bits physical, 48 bits virtual
power management:

processor	: 1
vendor_id	: GenuineIntel
cpu family	: 6
model		: 37
model name	: Intel(R) Core(TM) i3 CPU       M 370  @ 2.40GHz
stepping	: 5
microcode	: 0x2
cpu MHz		: 2399.000
cache size	: 3072 KB
physical id	: 0
siblings	: 4
core id		: 0
cpu cores	: 2
apicid		: 1
initial apicid	: 1
fpu		: yes
fpu_exception	: yes
cpuid level	: 11
wp		: yes
flags		: fpu vme de pse tsc msr pae mce cx8 apic sep mtrr pge mca cmov pat pse36 clflush dts acpi mmx fxsr sse sse2 ss ht tm pbe syscall nx rdtscp lm constant_tsc arch_perfmon pebs bts rep_good nopl xtopology nonstop_tsc aperfmperf pni dtes64 monitor ds_cpl vmx est tm2 ssse3 cx16 xtpr pdcm pcid sse4_1 sse4_2 popcnt lahf_lm arat dtherm tpr_shadow vnmi flexpriority ept vpid
bogomips	: 4789.37
clflush size	: 64
cache_alignment	: 64
address sizes	: 36 bits physical, 48 bits virtual
power management:

processor	: 2
vendor_id	: GenuineIntel
cpu family	: 6
model		: 37
model name	: Intel(R) Core(TM) i3 CPU       M 370  @ 2.40GHz
stepping	: 5
microcode	: 0x2
cpu MHz		: 2399.000
cache size	: 3072 KB
physical id	: 0
siblings	: 4
core id		: 2
cpu cores	: 2
apicid		: 4
initial apicid	: 4
fpu		: yes
fpu_exception	: yes
cpuid level	: 11
wp		: yes
flags		: fpu vme de pse tsc msr pae mce cx8 apic sep mtrr pge mca cmov pat pse36 clflush dts acpi mmx fxsr sse sse2 ss ht tm pbe syscall nx rdtscp lm constant_tsc arch_perfmon pebs bts rep_good nopl xtopology nonstop_tsc aperfmperf pni dtes64 monitor ds_cpl vmx est tm2 ssse3 cx16 xtpr pdcm pcid sse4_1 sse4_2 popcnt lahf_lm arat dtherm tpr_shadow vnmi flexpriority ept vpid
bogomips	: 4789.37
clflush size	: 64
cache_alignment	: 64
address sizes	: 36 bits physical, 48 bits virtual
power management:

processor	: 3
vendor_id	: GenuineIntel
cpu family	: 6
model		: 37
model name	: Intel(R) Core(TM) i3 CPU       M 370  @ 2.40GHz
stepping	: 5
microcode	: 0x2
cpu MHz		: 2399.000
cache size	: 3072 KB
physical id	: 0
siblings	: 4
core id		: 2
cpu cores	: 2
apicid		: 5
initial apicid	: 5
fpu		: yes
fpu_exception	: yes
cpuid level	: 11
wp		: yes
flags		: fpu vme de pse tsc msr pae mce cx8 apic sep mtrr pge mca cmov pat pse36 clflush dts acpi mmx fxsr sse sse2 ss ht tm pbe syscall nx rdtscp lm constant_tsc arch_perfmon pebs bts rep_good nopl xtopology nonstop_tsc aperfmperf pni dtes64 monitor ds_cpl vmx est tm2 ssse3 cx16 xtpr pdcm pcid sse4_1 sse4_2 popcnt lahf_lm arat dtherm tpr_shadow vnmi flexpriority ept vpid
bogomips	: 4789.37
clflush size	: 64
cache_alignment	: 64
address sizes	: 36 bits physical, 48 bits virtual
power management:



Memory: 4k page, physical 3847316k(250472k free), swap 0k(0k free)

vm_info: OpenJDK 64-Bit Server VM (24.51-b03) for linux-amd64 JRE (1.7.0_51-b31), built on Mar 28 2014 15:21:53 by "nobody" with gcc 4.8.2 20140206 (prerelease)

time: Mon Apr 14 22:30:01 2014
elapsed time: 378 seconds

